<?xml version="1.0" encoding="UTF-8"?>
<beans xmlns="http://www.springframework.org/schema/beans"
       xmlns:xsi="http://www.w3.org/2001/XMLSchema-instance"
       xmlns:context="http://www.springframework.org/schema/context"
       xmlns:tx="http://www.springframework.org/schema/tx"
       xmlns:jdbc="http://www.springframework.org/schema/jdbc"
       xsi:schemaLocation="http://www.springframework.org/schema/beans
http://www.springframework.org/schema/beans/spring-beans-3.0.xsd
http://www.springframework.org/schema/context
http://www.springframework.org/schema/context/spring-context-3.0.xsd
http://www.springframework.org/schema/tx
http://www.springframework.org/schema/tx/spring-tx-3.0.xsd
http://www.springframework.org/schema/jdbc
http://www.springframework.org/schema/jdbc/spring-jdbc-3.0.xsd">

    <!--<context:property-placeholder location="classpath:jdbc.properties" />-->
    <context:component-scan base-package="com.mil.randommenu" />
    <tx:annotation-driven />
    
    <bean id="jspViewResolver" class="org.springframework.web.servlet.view.InternalResourceViewResolver">
        <property name="viewClass" value="org.springframework.web.servlet.view.JstlView"/>
        <property name="prefix" value="/WEB-INF/jsp/"/>
        <property name="suffix" value=".jsp"/>
    </bean>
    
    
    <!--jdbc:mysql://localhost:3306/randommenu-->
    
    <bean name="dataSource" class="org.springframework.jdbc.datasource.DriverManagerDataSource">
        <property name="driverClassName" value="com.mysql.jdbc.Driver" />
        <!--<property name="url" value="jdbc:mysql://localhost:3306/randommenu" />-->
        <property name="url" value="jdbc:mysql://localhost:3306/randommenudev" />
        <property name="username" value="root" />
        <property name="password" value="" />
    </bean>
    
    <!--    <bean class="org.gizmo.hsql.spring.HyperSqlDbServer" id="hsqldb" init-method="start">
        <constructor-arg>
            <value>
                server.database.0=file:d:/hsqldb/demobase
                server.dbname.0=demobase
                server.remote_open=true
                hsqldb.reconfig_logging=false
            </value>
        </constructor-arg>
    </bean>-->
    
    <!--    <jdbc:embedded-database id="dataSource" type="HSQL">
    </jdbc:embedded-database>-->
    
    <!--    <bean class="org.apache.commons.dbcp.BasicDataSource" destroy-method="close" id="dataSource">
        <property name="driverClassName" value="org.hsqldb.jdbcDriver" />
        <property name="url" value="jdbc:hsqldb:file:C:\Users\Black\Documents\NetBeansProjects\database\randommenu" />
        <property name="username" value="sa" />
        <property name="password" value="" />
    </bean>-->

    <bean id="sessionFactory" class="org.springframework.orm.hibernate4.LocalSessionFactoryBean">
        <property name="dataSource" ref="dataSource" />
        <property name="annotatedClasses">
            <list>
                <value>com.mil.randommenu.model.Menu</value>    
                <value>com.mil.randommenu.model.Vegetable</value>    
                <value>com.mil.randommenu.model.MenuItem</value>    
                <value>com.mil.randommenu.model.WeekItem</value>    
            </list>
        </property>
        <property name="hibernateProperties">
            <props>
                <!--<prop key="hibernate.dialect">org.hibernate.dialect.DerbyDialect</prop>-->
                <!--<prop key="hibernate.dialect">org.hibernate.dialect.HSQLDialect</prop>-->
                <prop key="hibernate.hbm2ddl.auto">update</prop>
                <prop key="hibernate.show_sql">true</prop>
                <prop key="hibernate.connection.pool_size">5</prop>
                <prop key="hibernate.user">root</prop>
                <prop key="hibernate.password"></prop>
                <!--<prop key="hibernate.url">jdbc:hsqldb:file:C:\Users\Black\Documents\NetBeansProjects\database\randommenu</prop>-->
                <prop key="hibernate.url">jdbc:mysql://localhost:3306/randommenu</prop>
            </props>
        </property>
    </bean>
    
    <bean id="transactionManager"
          class="org.springframework.orm.hibernate4.HibernateTransactionManager">
        <property name="dataSource" ref="dataSource" />
        <property name="sessionFactory" ref="sessionFactory" />
    </bean>
</beans>